{"C:\\Dev\\GitHub\\leberns\\sp-hello-events\\spfx-hello-events\\src\\services\\ServicesFactory.ts": {"path":"C:\\Dev\\GitHub\\leberns\\sp-hello-events\\spfx-hello-events\\src\\services\\ServicesFactory.ts","statementMap":{"0":{"start":{"line":1,"column":0},"end":{"line":1,"column":61}},"1":{"start":{"line":2,"column":0},"end":{"line":2,"column":59}},"2":{"start":{"line":4,"column":0},"end":{"line":4,"column":54}},"3":{"start":{"line":8,"column":0},"end":{"line":17,"column":2}},"4":{"start":{"line":10,"column":11},"end":{"line":16,"column":5}},"5":{"start":{"line":11,"column":6},"end":{"line":11,"column":67}},"6":{"start":{"line":12,"column":6},"end":{"line":12,"column":64}},"7":{"start":{"line":14,"column":28},"end":{"line":14,"column":82}},"8":{"start":{"line":15,"column":6},"end":{"line":15,"column":27}},"9":{"start":{"line":17,"column":2},"end":{"line":17,"column":3}},"10":{"start":{"line":8,"column":13},"end":{"line":8,"column":28}}},"fnMap":{"0":{"name":"(anonymous_0)","decl":{"start":{"line":8,"column":0},"end":{"line":null,"column":-1}},"loc":{"start":{"line":8,"column":0},"end":{"line":8,"column":-1}}},"1":{"name":"(anonymous_2)","decl":{"start":{"line":10,"column":4},"end":{"line":11,"column":5}},"loc":{"start":{"line":12,"column":64},"end":{"line":16,"column":5}}}},"branchMap":{"0":{"loc":{"start":{"line":11,"column":6},"end":{"line":11,"column":67}},"type":"if","locations":[{"start":{"line":11,"column":6},"end":{"line":11,"column":67}},{"start":{"line":11,"column":6},"end":{"line":11,"column":67}}]},"1":{"loc":{"start":{"line":12,"column":6},"end":{"line":12,"column":64}},"type":"if","locations":[{"start":{"line":12,"column":6},"end":{"line":12,"column":64}},{"start":{"line":12,"column":6},"end":{"line":12,"column":64}}]}},"s":{"0":4,"1":4,"2":4,"3":4,"4":4,"5":4,"6":4,"7":4,"8":4,"9":4,"10":4},"f":{"0":8,"1":4},"b":{"0":[0,4],"1":[0,4]}}
,"C:\\Dev\\GitHub\\leberns\\sp-hello-events\\spfx-hello-events\\src\\services\\basic\\EventsListService.ts": {"path":"C:\\Dev\\GitHub\\leberns\\sp-hello-events\\spfx-hello-events\\src\\services\\basic\\EventsListService.ts","statementMap":{"0":{"start":{"line":1,"column":0},"end":{"line":1,"column":28}},"1":{"start":{"line":5,"column":0},"end":{"line":14,"column":0}},"2":{"start":{"line":7,"column":19},"end":{"line":7,"column":54}},"3":{"start":{"line":9,"column":15},"end":{"line":13,"column":3}},"4":{"start":{"line":10,"column":10},"end":{"line":10,"column":69}},"5":{"start":{"line":11,"column":23},"end":{"line":11,"column":254}},"6":{"start":{"line":11,"column":10},"end":{"line":11,"column":254}},"7":{"start":{"line":12,"column":4},"end":{"line":12,"column":22}},"8":{"start":{"line":14,"column":0},"end":{"line":14,"column":1}},"9":{"start":{"line":5,"column":13},"end":{"line":5,"column":30}}},"fnMap":{"0":{"name":"(anonymous_12)","decl":{"start":{"line":5,"column":0},"end":{"line":null,"column":-1}},"loc":{"start":{"line":5,"column":0},"end":{"line":5,"column":-1}}},"1":{"name":"(anonymous_14)","decl":{"start":{"line":9,"column":2},"end":{"line":null,"column":-1}},"loc":{"start":{"line":9,"column":2},"end":{"line":13,"column":3}}}},"branchMap":{},"s":{"0":5,"1":5,"2":1,"3":5,"4":1,"5":1,"6":1,"7":1,"8":5,"9":5},"f":{"0":6,"1":1},"b":{}}
,"C:\\Dev\\GitHub\\leberns\\sp-hello-events\\spfx-hello-events\\src\\services\\basic\\ImagesLibService.ts": {"path":"C:\\Dev\\GitHub\\leberns\\sp-hello-events\\spfx-hello-events\\src\\services\\basic\\ImagesLibService.ts","statementMap":{"0":{"start":{"line":1,"column":0},"end":{"line":1,"column":28}},"1":{"start":{"line":6,"column":0},"end":{"line":22,"column":0}},"2":{"start":{"line":8,"column":19},"end":{"line":8,"column":63}},"3":{"start":{"line":10,"column":15},"end":{"line":16,"column":3}},"4":{"start":{"line":11,"column":10},"end":{"line":11,"column":50}},"5":{"start":{"line":12,"column":37},"end":{"line":null,"column":-1}},"6":{"start":{"line":12,"column":14},"end":{"line":12,"column":23}},"7":{"start":{"line":13,"column":23},"end":{"line":13,"column":94}},"8":{"start":{"line":13,"column":12},"end":{"line":13,"column":94}},"9":{"start":{"line":14,"column":6},"end":{"line":14,"column":39}},"10":{"start":{"line":12,"column":27},"end":{"line":12,"column":37}},"11":{"start":{"line":18,"column":9},"end":{"line":21,"column":3}},"12":{"start":{"line":19,"column":26},"end":{"line":19,"column":74}},"13":{"start":{"line":20,"column":4},"end":{"line":20,"column":25}},"14":{"start":{"line":22,"column":0},"end":{"line":22,"column":1}},"15":{"start":{"line":6,"column":13},"end":{"line":6,"column":29}}},"fnMap":{"0":{"name":"(anonymous_12)","decl":{"start":{"line":6,"column":0},"end":{"line":null,"column":-1}},"loc":{"start":{"line":6,"column":0},"end":{"line":6,"column":-1}}},"1":{"name":"(anonymous_14)","decl":{"start":{"line":10,"column":2},"end":{"line":10,"column":29}},"loc":{"start":{"line":10,"column":54},"end":{"line":16,"column":3}}},"2":{"name":"(anonymous_17)","decl":{"start":{"line":18,"column":2},"end":{"line":null,"column":-1}},"loc":{"start":{"line":18,"column":2},"end":{"line":21,"column":3}}}},"branchMap":{},"s":{"0":5,"1":5,"2":2,"3":5,"4":1,"5":1,"6":2,"7":2,"8":2,"9":2,"10":2,"11":5,"12":2,"13":2,"14":5,"15":5},"f":{"0":7,"1":1,"2":2},"b":{}}
,"C:\\Dev\\GitHub\\leberns\\sp-hello-events\\spfx-hello-events\\src\\services\\basic\\MockEventsListService.ts": {"path":"C:\\Dev\\GitHub\\leberns\\sp-hello-events\\spfx-hello-events\\src\\services\\basic\\MockEventsListService.ts","statementMap":{"0":{"start":{"line":3,"column":0},"end":{"line":97,"column":0}},"1":{"start":{"line":25,"column":10},"end":{"line":70,"column":4}},"2":{"start":{"line":72,"column":10},"end":{"line":83,"column":4}},"3":{"start":{"line":6,"column":4},"end":{"line":6,"column":66}},"4":{"start":{"line":85,"column":9},"end":{"line":87,"column":3}},"5":{"start":{"line":86,"column":4},"end":{"line":86,"column":27}},"6":{"start":{"line":89,"column":9},"end":{"line":91,"column":3}},"7":{"start":{"line":90,"column":4},"end":{"line":90,"column":39}},"8":{"start":{"line":93,"column":15},"end":{"line":96,"column":3}},"9":{"start":{"line":94,"column":10},"end":{"line":94,"column":47}},"10":{"start":{"line":95,"column":4},"end":{"line":95,"column":13}},"11":{"start":{"line":9,"column":25},"end":{"line":9,"column":34}},"12":{"start":{"line":10,"column":25},"end":{"line":10,"column":50}},"13":{"start":{"line":11,"column":25},"end":{"line":11,"column":147}},"14":{"start":{"line":12,"column":25},"end":{"line":12,"column":62}},"15":{"start":{"line":13,"column":25},"end":{"line":13,"column":60}},"16":{"start":{"line":14,"column":25},"end":{"line":14,"column":71}},"17":{"start":{"line":15,"column":25},"end":{"line":15,"column":48}},"18":{"start":{"line":16,"column":25},"end":{"line":23,"column":5}},"19":{"start":{"line":97,"column":0},"end":{"line":97,"column":1}},"20":{"start":{"line":3,"column":13},"end":{"line":3,"column":34}}},"fnMap":{"0":{"name":"(anonymous_12)","decl":{"start":{"line":3,"column":0},"end":{"line":null,"column":-1}},"loc":{"start":{"line":3,"column":0},"end":{"line":3,"column":-1}}},"1":{"name":"MockEventsListService","decl":{"start":{"line":5,"column":2},"end":{"line":5,"column":13}},"loc":{"start":{"line":5,"column":32},"end":{"line":7,"column":3}}},"2":{"name":"(anonymous_14)","decl":{"start":{"line":85,"column":2},"end":{"line":null,"column":-1}},"loc":{"start":{"line":85,"column":2},"end":{"line":87,"column":3}}},"3":{"name":"(anonymous_15)","decl":{"start":{"line":89,"column":2},"end":{"line":null,"column":-1}},"loc":{"start":{"line":89,"column":2},"end":{"line":91,"column":3}}},"4":{"name":"(anonymous_16)","decl":{"start":{"line":93,"column":2},"end":{"line":null,"column":-1}},"loc":{"start":{"line":93,"column":2},"end":{"line":96,"column":3}}}},"branchMap":{"0":{"loc":{"start":{"line":6,"column":37},"end":{"line":6,"column":47}},"type":"cond-expr","locations":[{"start":{"line":6,"column":37},"end":{"line":6,"column":47}},{"start":{"line":6,"column":50},"end":{"line":6,"column":65}}]}},"s":{"0":5,"1":6,"2":6,"3":6,"4":5,"5":1,"6":5,"7":1,"8":5,"9":5,"10":5,"11":5,"12":5,"13":5,"14":5,"15":5,"16":5,"17":5,"18":5,"19":5,"20":5},"f":{"0":5,"1":6,"2":1,"3":1,"4":5},"b":{"0":[1,5]}}
,"C:\\Dev\\GitHub\\leberns\\sp-hello-events\\spfx-hello-events\\src\\services\\basic\\MockImagesLibService.ts": {"path":"C:\\Dev\\GitHub\\leberns\\sp-hello-events\\spfx-hello-events\\src\\services\\basic\\MockImagesLibService.ts","statementMap":{"0":{"start":{"line":4,"column":0},"end":{"line":13,"column":0}},"1":{"start":{"line":8,"column":15},"end":{"line":12,"column":3}},"2":{"start":{"line":9,"column":4},"end":{"line":11,"column":5}},"3":{"start":{"line":9,"column":14},"end":{"line":9,"column":23}},"4":{"start":{"line":10,"column":6},"end":{"line":10,"column":60}},"5":{"start":{"line":6,"column":25},"end":{"line":6,"column":107}},"6":{"start":{"line":13,"column":0},"end":{"line":13,"column":1}},"7":{"start":{"line":4,"column":13},"end":{"line":4,"column":33}}},"fnMap":{"0":{"name":"(anonymous_12)","decl":{"start":{"line":4,"column":0},"end":{"line":null,"column":-1}},"loc":{"start":{"line":4,"column":0},"end":{"line":4,"column":-1}}},"1":{"name":"(anonymous_14)","decl":{"start":{"line":8,"column":2},"end":{"line":8,"column":29}},"loc":{"start":{"line":8,"column":54},"end":{"line":12,"column":3}}}},"branchMap":{},"s":{"0":4,"1":4,"2":5,"3":8,"4":8,"5":4,"6":4,"7":4},"f":{"0":8,"1":5},"b":{}}
,"C:\\Dev\\GitHub\\leberns\\sp-hello-events\\spfx-hello-events\\src\\services\\events\\EventsService.ts": {"path":"C:\\Dev\\GitHub\\leberns\\sp-hello-events\\spfx-hello-events\\src\\services\\events\\EventsService.ts","statementMap":{"0":{"start":{"line":8,"column":0},"end":{"line":100,"column":0}},"1":{"start":{"line":10,"column":22},"end":{"line":10,"column":59}},"2":{"start":{"line":10,"column":69},"end":{"line":10,"column":104}},"3":{"start":{"line":12,"column":15},"end":{"line":64,"column":3}},"4":{"start":{"line":14,"column":23},"end":{"line":14,"column":69}},"5":{"start":{"line":14,"column":10},"end":{"line":14,"column":69}},"6":{"start":{"line":15,"column":10},"end":{"line":59,"column":7}},"7":{"start":{"line":17,"column":26},"end":{"line":17,"column":90}},"8":{"start":{"line":19,"column":20},"end":{"line":19,"column":94}},"9":{"start":{"line":21,"column":18},"end":{"line":21,"column":69}},"10":{"start":{"line":23,"column":34},"end":{"line":29,"column":7}},"11":{"start":{"line":31,"column":22},"end":{"line":31,"column":85}},"12":{"start":{"line":33,"column":28},"end":{"line":33,"column":64}},"13":{"start":{"line":34,"column":34},"end":{"line":44,"column":7}},"14":{"start":{"line":46,"column":28},"end":{"line":56,"column":7}},"15":{"start":{"line":58,"column":6},"end":{"line":58,"column":19}},"16":{"start":{"line":61,"column":4},"end":{"line":61,"column":40}},"17":{"start":{"line":61,"column":4},"end":{"line":61,"column":41}},"18":{"start":{"line":63,"column":4},"end":{"line":63,"column":18}},"19":{"start":{"line":66,"column":16},"end":{"line":99,"column":3}},"20":{"start":{"line":67,"column":10},"end":{"line":67,"column":24}},"21":{"start":{"line":69,"column":6},"end":{"line":71,"column":7}},"22":{"start":{"line":73,"column":29},"end":{"line":73,"column":75}},"23":{"start":{"line":73,"column":50},"end":{"line":73,"column":74}},"24":{"start":{"line":74,"column":6},"end":{"line":76,"column":7}},"25":{"start":{"line":78,"column":24},"end":{"line":81,"column":7}},"26":{"start":{"line":82,"column":6},"end":{"line":82,"column":31}},"27":{"start":{"line":68,"column":4},"end":{"line":83,"column":5}},"28":{"start":{"line":68,"column":8},"end":{"line":null,"column":-1}},"29":{"start":{"line":85,"column":4},"end":{"line":85,"column":56}},"30":{"start":{"line":85,"column":4},"end":{"line":85,"column":57}},"31":{"start":{"line":88,"column":6},"end":{"line":90,"column":7}},"32":{"start":{"line":92,"column":25},"end":{"line":92,"column":73}},"33":{"start":{"line":92,"column":48},"end":{"line":92,"column":72}},"34":{"start":{"line":93,"column":6},"end":{"line":95,"column":7}},"35":{"start":{"line":97,"column":6},"end":{"line":97,"column":41}},"36":{"start":{"line":87,"column":4},"end":{"line":98,"column":5}},"37":{"start":{"line":87,"column":8},"end":{"line":null,"column":-1}},"38":{"start":{"line":100,"column":0},"end":{"line":100,"column":1}},"39":{"start":{"line":8,"column":13},"end":{"line":8,"column":26}}},"fnMap":{"0":{"name":"(anonymous_12)","decl":{"start":{"line":8,"column":0},"end":{"line":null,"column":-1}},"loc":{"start":{"line":8,"column":0},"end":{"line":8,"column":-1}}},"1":{"name":"EventsService","decl":{"start":{"line":10,"column":2},"end":{"line":10,"column":21}},"loc":{"start":{"line":10,"column":104},"end":{"line":10,"column":109}}},"2":{"name":"(anonymous_14)","decl":{"start":{"line":12,"column":2},"end":{"line":null,"column":-1}},"loc":{"start":{"line":12,"column":2},"end":{"line":64,"column":3}}},"3":{"name":"(anonymous_17)","decl":{"start":{"line":15,"column":34},"end":{"line":15,"column":33}},"loc":{"start":{"line":15,"column":43},"end":{"line":59,"column":5}}},"4":{"name":"(anonymous_18)","decl":{"start":{"line":66,"column":2},"end":{"line":66,"column":33}},"loc":{"start":{"line":66,"column":59},"end":{"line":99,"column":3}}},"5":{"name":"(anonymous_22)","decl":{"start":{"line":73,"column":43},"end":{"line":73,"column":42}},"loc":{"start":{"line":73,"column":46},"end":{"line":73,"column":74}}},"6":{"name":"(anonymous_24)","decl":{"start":{"line":92,"column":41},"end":{"line":92,"column":40}},"loc":{"start":{"line":92,"column":44},"end":{"line":92,"column":72}}}},"branchMap":{"0":{"loc":{"start":{"line":17,"column":58},"end":{"line":17,"column":85}},"type":"cond-expr","locations":[{"start":{"line":17,"column":58},"end":{"line":17,"column":85}},{"start":{"line":17,"column":88},"end":{"line":17,"column":90}}]},"1":{"loc":{"start":{"line":19,"column":46},"end":{"line":19,"column":67}},"type":"cond-expr","locations":[{"start":{"line":19,"column":46},"end":{"line":19,"column":67}},{"start":{"line":19,"column":70},"end":{"line":19,"column":94}}]},"2":{"loc":{"start":{"line":21,"column":42},"end":{"line":21,"column":61}},"type":"cond-expr","locations":[{"start":{"line":21,"column":42},"end":{"line":21,"column":61}},{"start":{"line":21,"column":64},"end":{"line":21,"column":69}}]},"3":{"loc":{"start":{"line":23,"column":66},"end":{"line":26,"column":7}},"type":"cond-expr","locations":[{"start":{"line":23,"column":66},"end":{"line":26,"column":7}},{"start":{"line":26,"column":10},"end":{"line":29,"column":7}}]},"4":{"loc":{"start":{"line":31,"column":51},"end":{"line":31,"column":78}},"type":"cond-expr","locations":[{"start":{"line":31,"column":51},"end":{"line":31,"column":78}},{"start":{"line":31,"column":81},"end":{"line":31,"column":85}}]},"5":{"loc":{"start":{"line":34,"column":52},"end":{"line":39,"column":7}},"type":"cond-expr","locations":[{"start":{"line":34,"column":52},"end":{"line":39,"column":7}},{"start":{"line":39,"column":10},"end":{"line":44,"column":7}}]},"6":{"loc":{"start":{"line":69,"column":6},"end":{"line":71,"column":7}},"type":"if","locations":[{"start":{"line":69,"column":6},"end":{"line":71,"column":7}},{"start":{"line":69,"column":6},"end":{"line":71,"column":7}}]},"7":{"loc":{"start":{"line":74,"column":6},"end":{"line":76,"column":7}},"type":"if","locations":[{"start":{"line":74,"column":6},"end":{"line":76,"column":7}},{"start":{"line":74,"column":6},"end":{"line":76,"column":7}}]},"8":{"loc":{"start":{"line":88,"column":6},"end":{"line":90,"column":7}},"type":"if","locations":[{"start":{"line":88,"column":6},"end":{"line":90,"column":7}},{"start":{"line":88,"column":6},"end":{"line":90,"column":7}}]},"9":{"loc":{"start":{"line":93,"column":6},"end":{"line":95,"column":7}},"type":"if","locations":[{"start":{"line":93,"column":6},"end":{"line":95,"column":7}},{"start":{"line":93,"column":6},"end":{"line":95,"column":7}}]}},"s":{"0":4,"1":4,"2":4,"3":4,"4":5,"5":5,"6":5,"7":13,"8":13,"9":13,"10":13,"11":13,"12":13,"13":13,"14":13,"15":13,"16":5,"17":5,"18":5,"19":4,"20":5,"21":13,"22":12,"23":12,"24":12,"25":8,"26":8,"27":5,"28":13,"29":5,"30":5,"31":13,"32":12,"33":24,"34":12,"35":12,"36":5,"37":13,"38":4,"39":4},"f":{"0":4,"1":4,"2":5,"3":13,"4":5,"5":12,"6":24},"b":{"0":[12,1],"1":[12,1],"2":[12,1],"3":[12,1],"4":[12,1],"5":[12,1],"6":[1,12],"7":[4,8],"8":[1,12],"9":[0,12]}}
,"C:\\Dev\\GitHub\\leberns\\sp-hello-events\\spfx-hello-events\\src\\services\\events\\MockEventsService.ts": {"path":"C:\\Dev\\GitHub\\leberns\\sp-hello-events\\spfx-hello-events\\src\\services\\events\\MockEventsService.ts","statementMap":{"0":{"start":{"line":3,"column":0},"end":{"line":3,"column":70}},"1":{"start":{"line":5,"column":0},"end":{"line":82,"column":0}},"2":{"start":{"line":19,"column":10},"end":{"line":50,"column":4}},"3":{"start":{"line":8,"column":4},"end":{"line":8,"column":50}},"4":{"start":{"line":66,"column":16},"end":{"line":68,"column":3}},"5":{"start":{"line":67,"column":4},"end":{"line":67,"column":48}},"6":{"start":{"line":70,"column":9},"end":{"line":72,"column":3}},"7":{"start":{"line":71,"column":4},"end":{"line":71,"column":23}},"8":{"start":{"line":74,"column":9},"end":{"line":76,"column":3}},"9":{"start":{"line":75,"column":4},"end":{"line":75,"column":30}},"10":{"start":{"line":78,"column":9},"end":{"line":81,"column":3}},"11":{"start":{"line":79,"column":21},"end":{"line":79,"column":32}},"12":{"start":{"line":80,"column":6},"end":{"line":80,"column":37}},"13":{"start":{"line":11,"column":25},"end":{"line":11,"column":96}},"14":{"start":{"line":12,"column":25},"end":{"line":17,"column":4}},"15":{"start":{"line":52,"column":17},"end":{"line":64,"column":4}},"16":{"start":{"line":82,"column":0},"end":{"line":82,"column":1}},"17":{"start":{"line":5,"column":13},"end":{"line":5,"column":30}}},"fnMap":{"0":{"name":"(anonymous_0)","decl":{"start":{"line":5,"column":0},"end":{"line":null,"column":-1}},"loc":{"start":{"line":5,"column":0},"end":{"line":5,"column":-1}}},"1":{"name":"MockEventsService","decl":{"start":{"line":7,"column":2},"end":{"line":7,"column":13}},"loc":{"start":{"line":7,"column":40},"end":{"line":9,"column":3}}},"2":{"name":"(anonymous_2)","decl":{"start":{"line":66,"column":2},"end":{"line":null,"column":-1}},"loc":{"start":{"line":66,"column":2},"end":{"line":68,"column":3}}},"3":{"name":"(anonymous_3)","decl":{"start":{"line":70,"column":2},"end":{"line":null,"column":-1}},"loc":{"start":{"line":70,"column":2},"end":{"line":72,"column":3}}},"4":{"name":"(anonymous_4)","decl":{"start":{"line":74,"column":2},"end":{"line":74,"column":24}},"loc":{"start":{"line":74,"column":38},"end":{"line":76,"column":3}}},"5":{"name":"(anonymous_5)","decl":{"start":{"line":78,"column":2},"end":{"line":null,"column":-1}},"loc":{"start":{"line":78,"column":2},"end":{"line":81,"column":3}}}},"branchMap":{"0":{"loc":{"start":{"line":8,"column":29},"end":{"line":8,"column":35}},"type":"cond-expr","locations":[{"start":{"line":8,"column":29},"end":{"line":8,"column":35}},{"start":{"line":8,"column":38},"end":{"line":8,"column":49}}]}},"s":{"0":1,"1":1,"2":3,"3":3,"4":1,"5":0,"6":1,"7":0,"8":1,"9":3,"10":1,"11":0,"12":0,"13":1,"14":1,"15":1,"16":1,"17":1},"f":{"0":1,"1":3,"2":0,"3":0,"4":3,"5":0},"b":{"0":[0,3]}}
,"C:\\Dev\\GitHub\\leberns\\sp-hello-events\\spfx-hello-events\\src\\webparts\\helloEvents\\components\\errorBoundary\\ErrorBoundary.tsx": {"path":"C:\\Dev\\GitHub\\leberns\\sp-hello-events\\spfx-hello-events\\src\\webparts\\helloEvents\\components\\errorBoundary\\ErrorBoundary.tsx","statementMap":{"0":{"start":{"line":1,"column":0},"end":{"line":1,"column":30}},"1":{"start":{"line":3,"column":0},"end":{"line":3,"column":48}},"2":{"start":{"line":6,"column":0},"end":{"line":6,"column":58}},"3":{"start":{"line":6,"column":43},"end":{"line":6,"column":84}},"4":{"start":{"line":8,"column":4},"end":{"line":8,"column":16}},"5":{"start":{"line":9,"column":4},"end":{"line":9,"column":50}},"6":{"start":{"line":12,"column":9},"end":{"line":17,"column":3}},"7":{"start":{"line":13,"column":4},"end":{"line":16,"column":7}},"8":{"start":{"line":25,"column":9},"end":{"line":42,"column":3}},"9":{"start":{"line":26,"column":4},"end":{"line":41,"column":6}},"10":{"start":{"line":43,"column":0},"end":{"line":43,"column":1}}},"fnMap":{"0":{"name":"(anonymous_8)","decl":{"start":{"line":6,"column":0},"end":{"line":null,"column":-1}},"loc":{"start":{"line":6,"column":0},"end":{"line":6,"column":-1}}},"1":{"name":"ErrorBoundary","decl":{"start":{"line":7,"column":2},"end":{"line":7,"column":13}},"loc":{"start":{"line":7,"column":24},"end":{"line":10,"column":3}}},"2":{"name":"(anonymous_10)","decl":{"start":{"line":12,"column":2},"end":{"line":12,"column":27}},"loc":{"start":{"line":12,"column":54},"end":{"line":17,"column":3}}},"3":{"name":"(anonymous_11)","decl":{"start":{"line":25,"column":2},"end":{"line":null,"column":-1}},"loc":{"start":{"line":25,"column":2},"end":{"line":42,"column":3}}}},"branchMap":{"0":{"loc":{"start":{"line":8,"column":4},"end":{"line":8,"column":16}},"type":"binary-expr","locations":[{"start":{"line":8,"column":4},"end":{"line":8,"column":16}},{"start":{"line":8,"column":16},"end":{"line":10,"column":2}}]},"1":{"loc":{"start":{"line":28,"column":8},"end":{"line":37,"column":14}},"type":"cond-expr","locations":[{"start":{"line":28,"column":8},"end":{"line":37,"column":14}},{"start":{"line":39,"column":10},"end":{"line":39,"column":29}}]},"2":{"loc":{"start":{"line":32,"column":15},"end":{"line":32,"column":31}},"type":"binary-expr","locations":[{"start":{"line":32,"column":15},"end":{"line":32,"column":31}},{"start":{"line":32,"column":35},"end":{"line":32,"column":62}}]}},"s":{"0":1,"1":1,"2":1,"3":1,"4":1,"5":1,"6":1,"7":0,"8":1,"9":1,"10":1},"f":{"0":1,"1":1,"2":0,"3":1},"b":{"0":[1,1],"1":[0,1],"2":[0,0]}}
,"C:\\Dev\\GitHub\\leberns\\sp-hello-events\\spfx-hello-events\\src\\webparts\\helloEvents\\components\\event\\Event.tsx": {"path":"C:\\Dev\\GitHub\\leberns\\sp-hello-events\\spfx-hello-events\\src\\webparts\\helloEvents\\components\\event\\Event.tsx","statementMap":{"0":{"start":{"line":1,"column":0},"end":{"line":1,"column":30}},"1":{"start":{"line":2,"column":0},"end":{"line":2,"column":33}},"2":{"start":{"line":3,"column":0},"end":{"line":3,"column":52}},"3":{"start":{"line":5,"column":0},"end":{"line":5,"column":40}},"4":{"start":{"line":14,"column":0},"end":{"line":14,"column":50}},"5":{"start":{"line":14,"column":35},"end":{"line":14,"column":76}},"6":{"start":{"line":19,"column":9},"end":{"line":43,"column":3}},"7":{"start":{"line":20,"column":4},"end":{"line":42,"column":6}},"8":{"start":{"line":44,"column":0},"end":{"line":44,"column":1}}},"fnMap":{"0":{"name":"(anonymous_8)","decl":{"start":{"line":14,"column":0},"end":{"line":null,"column":-1}},"loc":{"start":{"line":14,"column":0},"end":{"line":14,"column":-1}}},"1":{"name":"Event","decl":{"start":{"line":15,"column":2},"end":{"line":15,"column":13}},"loc":{"start":{"line":15,"column":32},"end":{"line":17,"column":3}}},"2":{"name":"(anonymous_10)","decl":{"start":{"line":19,"column":2},"end":{"line":null,"column":-1}},"loc":{"start":{"line":19,"column":2},"end":{"line":43,"column":3}}}},"branchMap":{"0":{"loc":{"start":{"line":16,"column":4},"end":{"line":16,"column":16}},"type":"binary-expr","locations":[{"start":{"line":16,"column":4},"end":{"line":16,"column":16}},{"start":{"line":16,"column":16},"end":{"line":null,"column":-1}}]}},"s":{"0":4,"1":4,"2":4,"3":4,"4":4,"5":4,"6":4,"7":22,"8":4},"f":{"0":4,"1":19,"2":22},"b":{"0":[19,19]}}
,"C:\\Dev\\GitHub\\leberns\\sp-hello-events\\spfx-hello-events\\src\\webparts\\helloEvents\\components\\eventsList\\EventsList.tsx": {"path":"C:\\Dev\\GitHub\\leberns\\sp-hello-events\\spfx-hello-events\\src\\webparts\\helloEvents\\components\\eventsList\\EventsList.tsx","statementMap":{"0":{"start":{"line":1,"column":0},"end":{"line":1,"column":30}},"1":{"start":{"line":3,"column":0},"end":{"line":3,"column":45}},"2":{"start":{"line":4,"column":0},"end":{"line":4,"column":34}},"3":{"start":{"line":13,"column":0},"end":{"line":13,"column":55}},"4":{"start":{"line":13,"column":40},"end":{"line":13,"column":91}},"5":{"start":{"line":15,"column":9},"end":{"line":23,"column":3}},"6":{"start":{"line":16,"column":4},"end":{"line":22,"column":6}},"7":{"start":{"line":19,"column":10},"end":{"line":19,"column":48}},"8":{"start":{"line":24,"column":0},"end":{"line":24,"column":1}}},"fnMap":{"0":{"name":"(anonymous_8)","decl":{"start":{"line":13,"column":0},"end":{"line":null,"column":-1}},"loc":{"start":{"line":13,"column":0},"end":{"line":13,"column":-1}}},"1":{"name":"(anonymous_10)","decl":{"start":{"line":15,"column":2},"end":{"line":null,"column":-1}},"loc":{"start":{"line":15,"column":2},"end":{"line":23,"column":3}}},"2":{"name":"(anonymous_11)","decl":{"start":{"line":18,"column":31},"end":{"line":18,"column":30}},"loc":{"start":{"line":18,"column":36},"end":{"line":19,"column":48}}}},"branchMap":{},"s":{"0":3,"1":3,"2":3,"3":3,"4":3,"5":3,"6":8,"7":18,"8":3},"f":{"0":8,"1":8,"2":18},"b":{}}
,"C:\\Dev\\GitHub\\leberns\\sp-hello-events\\spfx-hello-events\\src\\webparts\\helloEvents\\components\\eventsListContainer\\EventsListContainer.tsx": {"path":"C:\\Dev\\GitHub\\leberns\\sp-hello-events\\spfx-hello-events\\src\\webparts\\helloEvents\\components\\eventsListContainer\\EventsListContainer.tsx","statementMap":{"0":{"start":{"line":1,"column":0},"end":{"line":1,"column":30}},"1":{"start":{"line":4,"column":0},"end":{"line":4,"column":55}},"2":{"start":{"line":5,"column":0},"end":{"line":5,"column":49}},"3":{"start":{"line":17,"column":0},"end":{"line":17,"column":64}},"4":{"start":{"line":17,"column":49},"end":{"line":17,"column":116}},"5":{"start":{"line":20,"column":4},"end":{"line":20,"column":16}},"6":{"start":{"line":21,"column":4},"end":{"line":25,"column":6}},"7":{"start":{"line":28,"column":10},"end":{"line":35,"column":3}},"8":{"start":{"line":29,"column":27},"end":{"line":31,"column":5}},"9":{"start":{"line":30,"column":15},"end":{"line":30,"column":87}},"10":{"start":{"line":32,"column":4},"end":{"line":34,"column":7}},"11":{"start":{"line":37,"column":9},"end":{"line":48,"column":3}},"12":{"start":{"line":37,"column":2},"end":{"line":48,"column":2}},"13":{"start":{"line":38,"column":4},"end":{"line":40,"column":5}},"14":{"start":{"line":39,"column":6},"end":{"line":39,"column":29}},"15":{"start":{"line":42,"column":4},"end":{"line":47,"column":6}},"16":{"start":{"line":44,"column":97},"end":{"line":44,"column":133}},"17":{"start":{"line":50,"column":15},"end":{"line":52,"column":3}},"18":{"start":{"line":51,"column":4},"end":{"line":51,"column":23}},"19":{"start":{"line":54,"column":16},"end":{"line":68,"column":3}},"20":{"start":{"line":56,"column":12},"end":{"line":56,"column":53}},"21":{"start":{"line":57,"column":21},"end":{"line":57,"column":54}},"22":{"start":{"line":57,"column":12},"end":{"line":57,"column":54}},"23":{"start":{"line":58,"column":6},"end":{"line":61,"column":9}},"24":{"start":{"line":64,"column":6},"end":{"line":66,"column":9}},"25":{"start":{"line":69,"column":0},"end":{"line":69,"column":1}}},"fnMap":{"0":{"name":"(anonymous_20)","decl":{"start":{"line":17,"column":0},"end":{"line":null,"column":-1}},"loc":{"start":{"line":17,"column":0},"end":{"line":17,"column":-1}}},"1":{"name":"EventsListContainer","decl":{"start":{"line":19,"column":2},"end":{"line":19,"column":13}},"loc":{"start":{"line":19,"column":45},"end":{"line":26,"column":3}}},"2":{"name":"(anonymous_22)","decl":{"start":{"line":28,"column":2},"end":{"line":28,"column":23}},"loc":{"start":{"line":28,"column":48},"end":{"line":35,"column":3}}},"3":{"name":"(anonymous_23)","decl":{"start":{"line":30,"column":6},"end":{"line":30,"column":5}},"loc":{"start":{"line":30,"column":11},"end":{"line":30,"column":87}}},"4":{"name":"(anonymous_24)","decl":{"start":{"line":37,"column":2},"end":{"line":null,"column":-1}},"loc":{"start":{"line":37,"column":2},"end":{"line":48,"column":3}}},"5":{"name":"(anonymous_25)","decl":{"start":{"line":44,"column":67},"end":{"line":44,"column":67}},"loc":{"start":{"line":44,"column":92},"end":{"line":44,"column":133}}},"6":{"name":"(anonymous_26)","decl":{"start":{"line":50,"column":2},"end":{"line":null,"column":-1}},"loc":{"start":{"line":50,"column":2},"end":{"line":52,"column":3}}},"7":{"name":"(anonymous_29)","decl":{"start":{"line":54,"column":2},"end":{"line":null,"column":-1}},"loc":{"start":{"line":54,"column":2},"end":{"line":68,"column":3}}}},"branchMap":{"0":{"loc":{"start":{"line":20,"column":4},"end":{"line":20,"column":16}},"type":"binary-expr","locations":[{"start":{"line":20,"column":4},"end":{"line":20,"column":16}},{"start":{"line":20,"column":16},"end":{"line":26,"column":2}}]},"1":{"loc":{"start":{"line":38,"column":4},"end":{"line":40,"column":5}},"type":"if","locations":[{"start":{"line":38,"column":4},"end":{"line":40,"column":5}},{"start":{"line":38,"column":4},"end":{"line":40,"column":5}}]}},"s":{"0":2,"1":2,"2":2,"3":2,"4":2,"5":2,"6":2,"7":2,"8":0,"9":0,"10":0,"11":2,"12":5,"13":5,"14":0,"15":5,"16":0,"17":2,"18":3,"19":2,"20":3,"21":3,"22":3,"23":3,"24":0,"25":2},"f":{"0":2,"1":2,"2":0,"3":0,"4":5,"5":0,"6":3,"7":3},"b":{"0":[2,2],"1":[0,5]}}
,"C:\\Dev\\GitHub\\leberns\\sp-hello-events\\spfx-hello-events\\src\\webparts\\helloEvents\\components\\helloEvents\\HelloEvents.tsx": {"path":"C:\\Dev\\GitHub\\leberns\\sp-hello-events\\spfx-hello-events\\src\\webparts\\helloEvents\\components\\helloEvents\\HelloEvents.tsx","statementMap":{"0":{"start":{"line":1,"column":0},"end":{"line":1,"column":30}},"1":{"start":{"line":3,"column":0},"end":{"line":3,"column":58}},"2":{"start":{"line":4,"column":0},"end":{"line":4,"column":76}},"3":{"start":{"line":6,"column":0},"end":{"line":6,"column":56}},"4":{"start":{"line":6,"column":41},"end":{"line":6,"column":79}},"5":{"start":{"line":7,"column":9},"end":{"line":13,"column":3}},"6":{"start":{"line":8,"column":4},"end":{"line":12,"column":6}},"7":{"start":{"line":14,"column":0},"end":{"line":14,"column":1}}},"fnMap":{"0":{"name":"(anonymous_8)","decl":{"start":{"line":6,"column":0},"end":{"line":null,"column":-1}},"loc":{"start":{"line":6,"column":0},"end":{"line":6,"column":-1}}},"1":{"name":"(anonymous_10)","decl":{"start":{"line":7,"column":2},"end":{"line":null,"column":-1}},"loc":{"start":{"line":7,"column":2},"end":{"line":13,"column":3}}}},"branchMap":{},"s":{"0":1,"1":1,"2":1,"3":1,"4":1,"5":1,"6":1,"7":1},"f":{"0":2,"1":1},"b":{}}
,"C:\\Dev\\GitHub\\leberns\\sp-hello-events\\spfx-hello-events\\src\\webparts\\helloEvents\\components\\searchEvents\\SearchEvents.tsx": {"path":"C:\\Dev\\GitHub\\leberns\\sp-hello-events\\spfx-hello-events\\src\\webparts\\helloEvents\\components\\searchEvents\\SearchEvents.tsx","statementMap":{"0":{"start":{"line":1,"column":0},"end":{"line":1,"column":30}},"1":{"start":{"line":2,"column":0},"end":{"line":2,"column":47}},"2":{"start":{"line":13,"column":0},"end":{"line":13,"column":56}},"3":{"start":{"line":13,"column":41},"end":{"line":13,"column":96}},"4":{"start":{"line":15,"column":4},"end":{"line":15,"column":16}},"5":{"start":{"line":16,"column":4},"end":{"line":18,"column":6}},"6":{"start":{"line":21,"column":10},"end":{"line":24,"column":3}},"7":{"start":{"line":22,"column":18},"end":{"line":22,"column":36}},"8":{"start":{"line":23,"column":4},"end":{"line":23,"column":47}},"9":{"start":{"line":26,"column":10},"end":{"line":28,"column":3}},"10":{"start":{"line":27,"column":4},"end":{"line":27,"column":65}},"11":{"start":{"line":30,"column":9},"end":{"line":39,"column":3}},"12":{"start":{"line":30,"column":2},"end":{"line":39,"column":2}},"13":{"start":{"line":31,"column":4},"end":{"line":38,"column":6}},"14":{"start":{"line":35,"column":29},"end":{"line":35,"column":52}},"15":{"start":{"line":36,"column":31},"end":{"line":36,"column":51}},"16":{"start":{"line":40,"column":0},"end":{"line":40,"column":1}}},"fnMap":{"0":{"name":"(anonymous_8)","decl":{"start":{"line":13,"column":0},"end":{"line":null,"column":-1}},"loc":{"start":{"line":13,"column":0},"end":{"line":13,"column":-1}}},"1":{"name":"SearchEvent","decl":{"start":{"line":14,"column":2},"end":{"line":14,"column":13}},"loc":{"start":{"line":14,"column":19},"end":{"line":19,"column":3}}},"2":{"name":"(anonymous_10)","decl":{"start":{"line":21,"column":2},"end":{"line":21,"column":21}},"loc":{"start":{"line":21,"column":64},"end":{"line":24,"column":3}}},"3":{"name":"(anonymous_11)","decl":{"start":{"line":26,"column":2},"end":{"line":null,"column":-1}},"loc":{"start":{"line":26,"column":2},"end":{"line":28,"column":3}}},"4":{"name":"(anonymous_12)","decl":{"start":{"line":30,"column":2},"end":{"line":null,"column":-1}},"loc":{"start":{"line":30,"column":2},"end":{"line":39,"column":3}}},"5":{"name":"(anonymous_13)","decl":{"start":{"line":35,"column":20},"end":{"line":35,"column":19}},"loc":{"start":{"line":35,"column":25},"end":{"line":35,"column":52}}},"6":{"name":"(anonymous_14)","decl":{"start":{"line":36,"column":25},"end":{"line":36,"column":30}},"loc":{"start":{"line":36,"column":25},"end":{"line":36,"column":51}}}},"branchMap":{"0":{"loc":{"start":{"line":15,"column":4},"end":{"line":15,"column":16}},"type":"binary-expr","locations":[{"start":{"line":15,"column":4},"end":{"line":15,"column":16}},{"start":{"line":15,"column":16},"end":{"line":19,"column":2}}]}},"s":{"0":3,"1":3,"2":3,"3":3,"4":3,"5":3,"6":3,"7":0,"8":0,"9":3,"10":0,"11":3,"12":6,"13":6,"14":0,"15":0,"16":3},"f":{"0":3,"1":3,"2":0,"3":0,"4":6,"5":0,"6":0},"b":{"0":[3,3]}}
}
