{"C:\\Dev\\GitHub\\leberns\\sp-hello-events\\spfx-hello-events\\src\\services\\ServicesFactory.ts": {"path":"C:\\Dev\\GitHub\\leberns\\sp-hello-events\\spfx-hello-events\\src\\services\\ServicesFactory.ts","statementMap":{"0":{"start":{"line":1,"column":0},"end":{"line":1,"column":61}},"1":{"start":{"line":2,"column":0},"end":{"line":2,"column":59}},"2":{"start":{"line":4,"column":0},"end":{"line":4,"column":54}},"3":{"start":{"line":8,"column":0},"end":{"line":17,"column":2}},"4":{"start":{"line":10,"column":11},"end":{"line":16,"column":5}},"5":{"start":{"line":11,"column":6},"end":{"line":11,"column":67}},"6":{"start":{"line":12,"column":6},"end":{"line":12,"column":64}},"7":{"start":{"line":14,"column":28},"end":{"line":14,"column":82}},"8":{"start":{"line":15,"column":6},"end":{"line":15,"column":27}},"9":{"start":{"line":17,"column":2},"end":{"line":17,"column":3}},"10":{"start":{"line":8,"column":13},"end":{"line":8,"column":28}}},"fnMap":{"0":{"name":"(anonymous_0)","decl":{"start":{"line":8,"column":0},"end":{"line":null,"column":-1}},"loc":{"start":{"line":8,"column":0},"end":{"line":8,"column":-1}}},"1":{"name":"(anonymous_2)","decl":{"start":{"line":10,"column":4},"end":{"line":11,"column":5}},"loc":{"start":{"line":12,"column":64},"end":{"line":16,"column":5}}}},"branchMap":{"0":{"loc":{"start":{"line":11,"column":6},"end":{"line":11,"column":67}},"type":"if","locations":[{"start":{"line":11,"column":6},"end":{"line":11,"column":67}},{"start":{"line":11,"column":6},"end":{"line":11,"column":67}}]},"1":{"loc":{"start":{"line":12,"column":6},"end":{"line":12,"column":64}},"type":"if","locations":[{"start":{"line":12,"column":6},"end":{"line":12,"column":64}},{"start":{"line":12,"column":6},"end":{"line":12,"column":64}}]}},"s":{"0":3,"1":3,"2":3,"3":3,"4":3,"5":3,"6":3,"7":3,"8":3,"9":3,"10":3},"f":{"0":6,"1":3},"b":{"0":[0,3],"1":[0,3]}}
,"C:\\Dev\\GitHub\\leberns\\sp-hello-events\\spfx-hello-events\\src\\services\\basic\\EventsListService.ts": {"path":"C:\\Dev\\GitHub\\leberns\\sp-hello-events\\spfx-hello-events\\src\\services\\basic\\EventsListService.ts","statementMap":{"0":{"start":{"line":1,"column":0},"end":{"line":1,"column":28}},"1":{"start":{"line":5,"column":0},"end":{"line":14,"column":0}},"2":{"start":{"line":7,"column":19},"end":{"line":7,"column":46}},"3":{"start":{"line":9,"column":15},"end":{"line":13,"column":3}},"4":{"start":{"line":10,"column":10},"end":{"line":10,"column":69}},"5":{"start":{"line":11,"column":23},"end":{"line":11,"column":254}},"6":{"start":{"line":11,"column":10},"end":{"line":11,"column":254}},"7":{"start":{"line":12,"column":4},"end":{"line":12,"column":22}},"8":{"start":{"line":14,"column":0},"end":{"line":14,"column":1}},"9":{"start":{"line":5,"column":13},"end":{"line":5,"column":30}}},"fnMap":{"0":{"name":"(anonymous_12)","decl":{"start":{"line":5,"column":0},"end":{"line":null,"column":-1}},"loc":{"start":{"line":5,"column":0},"end":{"line":5,"column":-1}}},"1":{"name":"(anonymous_14)","decl":{"start":{"line":9,"column":2},"end":{"line":null,"column":-1}},"loc":{"start":{"line":9,"column":2},"end":{"line":13,"column":3}}}},"branchMap":{},"s":{"0":4,"1":4,"2":1,"3":4,"4":1,"5":1,"6":1,"7":1,"8":4,"9":4},"f":{"0":5,"1":1},"b":{}}
,"C:\\Dev\\GitHub\\leberns\\sp-hello-events\\spfx-hello-events\\src\\services\\basic\\ImagesLibService.ts": {"path":"C:\\Dev\\GitHub\\leberns\\sp-hello-events\\spfx-hello-events\\src\\services\\basic\\ImagesLibService.ts","statementMap":{"0":{"start":{"line":1,"column":0},"end":{"line":1,"column":28}},"1":{"start":{"line":6,"column":0},"end":{"line":22,"column":0}},"2":{"start":{"line":8,"column":19},"end":{"line":8,"column":63}},"3":{"start":{"line":10,"column":15},"end":{"line":16,"column":3}},"4":{"start":{"line":11,"column":10},"end":{"line":11,"column":50}},"5":{"start":{"line":12,"column":37},"end":{"line":null,"column":-1}},"6":{"start":{"line":12,"column":14},"end":{"line":12,"column":23}},"7":{"start":{"line":13,"column":23},"end":{"line":13,"column":94}},"8":{"start":{"line":13,"column":12},"end":{"line":13,"column":94}},"9":{"start":{"line":14,"column":6},"end":{"line":14,"column":39}},"10":{"start":{"line":12,"column":27},"end":{"line":12,"column":37}},"11":{"start":{"line":18,"column":9},"end":{"line":21,"column":3}},"12":{"start":{"line":19,"column":26},"end":{"line":19,"column":74}},"13":{"start":{"line":20,"column":4},"end":{"line":20,"column":25}},"14":{"start":{"line":22,"column":0},"end":{"line":22,"column":1}},"15":{"start":{"line":6,"column":13},"end":{"line":6,"column":29}}},"fnMap":{"0":{"name":"(anonymous_12)","decl":{"start":{"line":6,"column":0},"end":{"line":null,"column":-1}},"loc":{"start":{"line":6,"column":0},"end":{"line":6,"column":-1}}},"1":{"name":"(anonymous_14)","decl":{"start":{"line":10,"column":2},"end":{"line":10,"column":29}},"loc":{"start":{"line":10,"column":54},"end":{"line":16,"column":3}}},"2":{"name":"(anonymous_17)","decl":{"start":{"line":18,"column":2},"end":{"line":null,"column":-1}},"loc":{"start":{"line":18,"column":2},"end":{"line":21,"column":3}}}},"branchMap":{},"s":{"0":4,"1":4,"2":2,"3":4,"4":1,"5":1,"6":2,"7":2,"8":2,"9":2,"10":2,"11":4,"12":2,"13":2,"14":4,"15":4},"f":{"0":6,"1":1,"2":2},"b":{}}
,"C:\\Dev\\GitHub\\leberns\\sp-hello-events\\spfx-hello-events\\src\\services\\basic\\MockEventsListService.ts": {"path":"C:\\Dev\\GitHub\\leberns\\sp-hello-events\\spfx-hello-events\\src\\services\\basic\\MockEventsListService.ts","statementMap":{"0":{"start":{"line":4,"column":0},"end":{"line":90,"column":0}},"1":{"start":{"line":26,"column":10},"end":{"line":71,"column":4}},"2":{"start":{"line":7,"column":4},"end":{"line":7,"column":66}},"3":{"start":{"line":86,"column":15},"end":{"line":89,"column":3}},"4":{"start":{"line":87,"column":10},"end":{"line":87,"column":47}},"5":{"start":{"line":88,"column":4},"end":{"line":88,"column":13}},"6":{"start":{"line":10,"column":25},"end":{"line":10,"column":34}},"7":{"start":{"line":11,"column":25},"end":{"line":11,"column":50}},"8":{"start":{"line":12,"column":25},"end":{"line":12,"column":138}},"9":{"start":{"line":13,"column":25},"end":{"line":13,"column":62}},"10":{"start":{"line":14,"column":25},"end":{"line":14,"column":60}},"11":{"start":{"line":15,"column":25},"end":{"line":15,"column":71}},"12":{"start":{"line":16,"column":25},"end":{"line":16,"column":48}},"13":{"start":{"line":17,"column":25},"end":{"line":24,"column":5}},"14":{"start":{"line":73,"column":16},"end":{"line":84,"column":4}},"15":{"start":{"line":90,"column":0},"end":{"line":90,"column":1}},"16":{"start":{"line":4,"column":13},"end":{"line":4,"column":34}}},"fnMap":{"0":{"name":"(anonymous_12)","decl":{"start":{"line":4,"column":0},"end":{"line":null,"column":-1}},"loc":{"start":{"line":4,"column":0},"end":{"line":4,"column":-1}}},"1":{"name":"MockEventsListService","decl":{"start":{"line":6,"column":2},"end":{"line":6,"column":13}},"loc":{"start":{"line":6,"column":32},"end":{"line":8,"column":3}}},"2":{"name":"(anonymous_14)","decl":{"start":{"line":86,"column":2},"end":{"line":null,"column":-1}},"loc":{"start":{"line":86,"column":2},"end":{"line":89,"column":3}}}},"branchMap":{"0":{"loc":{"start":{"line":7,"column":37},"end":{"line":7,"column":47}},"type":"cond-expr","locations":[{"start":{"line":7,"column":37},"end":{"line":7,"column":47}},{"start":{"line":7,"column":50},"end":{"line":7,"column":65}}]}},"s":{"0":4,"1":4,"2":4,"3":4,"4":5,"5":5,"6":4,"7":4,"8":4,"9":4,"10":4,"11":4,"12":4,"13":4,"14":4,"15":4,"16":4},"f":{"0":4,"1":4,"2":5},"b":{"0":[1,3]}}
,"C:\\Dev\\GitHub\\leberns\\sp-hello-events\\spfx-hello-events\\src\\services\\basic\\MockImagesLibService.ts": {"path":"C:\\Dev\\GitHub\\leberns\\sp-hello-events\\spfx-hello-events\\src\\services\\basic\\MockImagesLibService.ts","statementMap":{"0":{"start":{"line":4,"column":0},"end":{"line":13,"column":0}},"1":{"start":{"line":8,"column":15},"end":{"line":12,"column":3}},"2":{"start":{"line":9,"column":4},"end":{"line":11,"column":5}},"3":{"start":{"line":9,"column":14},"end":{"line":9,"column":23}},"4":{"start":{"line":10,"column":6},"end":{"line":10,"column":60}},"5":{"start":{"line":6,"column":25},"end":{"line":6,"column":107}},"6":{"start":{"line":13,"column":0},"end":{"line":13,"column":1}},"7":{"start":{"line":4,"column":13},"end":{"line":4,"column":33}}},"fnMap":{"0":{"name":"(anonymous_12)","decl":{"start":{"line":4,"column":0},"end":{"line":null,"column":-1}},"loc":{"start":{"line":4,"column":0},"end":{"line":4,"column":-1}}},"1":{"name":"(anonymous_14)","decl":{"start":{"line":8,"column":2},"end":{"line":8,"column":29}},"loc":{"start":{"line":8,"column":54},"end":{"line":12,"column":3}}}},"branchMap":{},"s":{"0":3,"1":3,"2":4,"3":6,"4":6,"5":3,"6":3,"7":3},"f":{"0":6,"1":4},"b":{}}
,"C:\\Dev\\GitHub\\leberns\\sp-hello-events\\spfx-hello-events\\src\\services\\events\\EventsService.ts": {"path":"C:\\Dev\\GitHub\\leberns\\sp-hello-events\\spfx-hello-events\\src\\services\\events\\EventsService.ts","statementMap":{"0":{"start":{"line":8,"column":0},"end":{"line":104,"column":0}},"1":{"start":{"line":10,"column":22},"end":{"line":10,"column":59}},"2":{"start":{"line":10,"column":69},"end":{"line":10,"column":104}},"3":{"start":{"line":12,"column":15},"end":{"line":68,"column":3}},"4":{"start":{"line":14,"column":23},"end":{"line":14,"column":69}},"5":{"start":{"line":14,"column":10},"end":{"line":14,"column":69}},"6":{"start":{"line":15,"column":10},"end":{"line":59,"column":7}},"7":{"start":{"line":17,"column":26},"end":{"line":17,"column":90}},"8":{"start":{"line":19,"column":20},"end":{"line":19,"column":94}},"9":{"start":{"line":21,"column":18},"end":{"line":21,"column":69}},"10":{"start":{"line":23,"column":34},"end":{"line":29,"column":7}},"11":{"start":{"line":31,"column":22},"end":{"line":31,"column":85}},"12":{"start":{"line":33,"column":28},"end":{"line":33,"column":64}},"13":{"start":{"line":34,"column":34},"end":{"line":44,"column":7}},"14":{"start":{"line":46,"column":28},"end":{"line":56,"column":7}},"15":{"start":{"line":58,"column":6},"end":{"line":58,"column":19}},"16":{"start":{"line":61,"column":10},"end":{"line":63,"column":6}},"17":{"start":{"line":65,"column":4},"end":{"line":65,"column":50}},"18":{"start":{"line":65,"column":4},"end":{"line":65,"column":51}},"19":{"start":{"line":67,"column":4},"end":{"line":67,"column":28}},"20":{"start":{"line":70,"column":16},"end":{"line":103,"column":3}},"21":{"start":{"line":71,"column":10},"end":{"line":71,"column":24}},"22":{"start":{"line":73,"column":6},"end":{"line":75,"column":7}},"23":{"start":{"line":77,"column":29},"end":{"line":77,"column":75}},"24":{"start":{"line":77,"column":50},"end":{"line":77,"column":74}},"25":{"start":{"line":78,"column":6},"end":{"line":80,"column":7}},"26":{"start":{"line":82,"column":24},"end":{"line":85,"column":7}},"27":{"start":{"line":86,"column":6},"end":{"line":86,"column":31}},"28":{"start":{"line":72,"column":4},"end":{"line":87,"column":5}},"29":{"start":{"line":72,"column":8},"end":{"line":null,"column":-1}},"30":{"start":{"line":89,"column":4},"end":{"line":89,"column":56}},"31":{"start":{"line":89,"column":4},"end":{"line":89,"column":57}},"32":{"start":{"line":92,"column":6},"end":{"line":94,"column":7}},"33":{"start":{"line":96,"column":25},"end":{"line":96,"column":73}},"34":{"start":{"line":96,"column":48},"end":{"line":96,"column":72}},"35":{"start":{"line":97,"column":6},"end":{"line":99,"column":7}},"36":{"start":{"line":101,"column":6},"end":{"line":101,"column":41}},"37":{"start":{"line":91,"column":4},"end":{"line":102,"column":5}},"38":{"start":{"line":91,"column":8},"end":{"line":null,"column":-1}},"39":{"start":{"line":104,"column":0},"end":{"line":104,"column":1}},"40":{"start":{"line":8,"column":13},"end":{"line":8,"column":26}}},"fnMap":{"0":{"name":"(anonymous_12)","decl":{"start":{"line":8,"column":0},"end":{"line":null,"column":-1}},"loc":{"start":{"line":8,"column":0},"end":{"line":8,"column":-1}}},"1":{"name":"EventsService","decl":{"start":{"line":10,"column":2},"end":{"line":10,"column":21}},"loc":{"start":{"line":10,"column":104},"end":{"line":10,"column":109}}},"2":{"name":"(anonymous_14)","decl":{"start":{"line":12,"column":2},"end":{"line":null,"column":-1}},"loc":{"start":{"line":12,"column":2},"end":{"line":68,"column":3}}},"3":{"name":"(anonymous_17)","decl":{"start":{"line":15,"column":34},"end":{"line":15,"column":33}},"loc":{"start":{"line":15,"column":43},"end":{"line":59,"column":5}}},"4":{"name":"(anonymous_18)","decl":{"start":{"line":70,"column":2},"end":{"line":70,"column":33}},"loc":{"start":{"line":70,"column":69},"end":{"line":103,"column":3}}},"5":{"name":"(anonymous_22)","decl":{"start":{"line":77,"column":43},"end":{"line":77,"column":42}},"loc":{"start":{"line":77,"column":46},"end":{"line":77,"column":74}}},"6":{"name":"(anonymous_24)","decl":{"start":{"line":96,"column":41},"end":{"line":96,"column":40}},"loc":{"start":{"line":96,"column":44},"end":{"line":96,"column":72}}}},"branchMap":{"0":{"loc":{"start":{"line":17,"column":58},"end":{"line":17,"column":85}},"type":"cond-expr","locations":[{"start":{"line":17,"column":58},"end":{"line":17,"column":85}},{"start":{"line":17,"column":88},"end":{"line":17,"column":90}}]},"1":{"loc":{"start":{"line":19,"column":46},"end":{"line":19,"column":67}},"type":"cond-expr","locations":[{"start":{"line":19,"column":46},"end":{"line":19,"column":67}},{"start":{"line":19,"column":70},"end":{"line":19,"column":94}}]},"2":{"loc":{"start":{"line":21,"column":42},"end":{"line":21,"column":61}},"type":"cond-expr","locations":[{"start":{"line":21,"column":42},"end":{"line":21,"column":61}},{"start":{"line":21,"column":64},"end":{"line":21,"column":69}}]},"3":{"loc":{"start":{"line":23,"column":66},"end":{"line":26,"column":7}},"type":"cond-expr","locations":[{"start":{"line":23,"column":66},"end":{"line":26,"column":7}},{"start":{"line":26,"column":10},"end":{"line":29,"column":7}}]},"4":{"loc":{"start":{"line":31,"column":51},"end":{"line":31,"column":78}},"type":"cond-expr","locations":[{"start":{"line":31,"column":51},"end":{"line":31,"column":78}},{"start":{"line":31,"column":81},"end":{"line":31,"column":85}}]},"5":{"loc":{"start":{"line":34,"column":52},"end":{"line":39,"column":7}},"type":"cond-expr","locations":[{"start":{"line":34,"column":52},"end":{"line":39,"column":7}},{"start":{"line":39,"column":10},"end":{"line":44,"column":7}}]},"6":{"loc":{"start":{"line":73,"column":6},"end":{"line":75,"column":7}},"type":"if","locations":[{"start":{"line":73,"column":6},"end":{"line":75,"column":7}},{"start":{"line":73,"column":6},"end":{"line":75,"column":7}}]},"7":{"loc":{"start":{"line":78,"column":6},"end":{"line":80,"column":7}},"type":"if","locations":[{"start":{"line":78,"column":6},"end":{"line":80,"column":7}},{"start":{"line":78,"column":6},"end":{"line":80,"column":7}}]},"8":{"loc":{"start":{"line":92,"column":6},"end":{"line":94,"column":7}},"type":"if","locations":[{"start":{"line":92,"column":6},"end":{"line":94,"column":7}},{"start":{"line":92,"column":6},"end":{"line":94,"column":7}}]},"9":{"loc":{"start":{"line":97,"column":6},"end":{"line":99,"column":7}},"type":"if","locations":[{"start":{"line":97,"column":6},"end":{"line":99,"column":7}},{"start":{"line":97,"column":6},"end":{"line":99,"column":7}}]}},"s":{"0":3,"1":3,"2":3,"3":3,"4":4,"5":4,"6":4,"7":10,"8":10,"9":10,"10":10,"11":10,"12":10,"13":10,"14":10,"15":10,"16":4,"17":4,"18":4,"19":4,"20":3,"21":4,"22":10,"23":9,"24":9,"25":9,"26":6,"27":6,"28":4,"29":10,"30":4,"31":4,"32":10,"33":9,"34":18,"35":9,"36":9,"37":4,"38":10,"39":3,"40":3},"f":{"0":3,"1":3,"2":4,"3":10,"4":4,"5":9,"6":18},"b":{"0":[9,1],"1":[9,1],"2":[9,1],"3":[9,1],"4":[9,1],"5":[9,1],"6":[1,9],"7":[3,6],"8":[1,9],"9":[0,9]}}
,"C:\\Dev\\GitHub\\leberns\\sp-hello-events\\spfx-hello-events\\src\\services\\events\\MockEventsService.ts": {"path":"C:\\Dev\\GitHub\\leberns\\sp-hello-events\\spfx-hello-events\\src\\services\\events\\MockEventsService.ts","statementMap":{"0":{"start":{"line":4,"column":0},"end":{"line":85,"column":0}},"1":{"start":{"line":25,"column":10},"end":{"line":53,"column":5}},"2":{"start":{"line":7,"column":4},"end":{"line":7,"column":50}},"3":{"start":{"line":69,"column":16},"end":{"line":71,"column":3}},"4":{"start":{"line":70,"column":4},"end":{"line":70,"column":48}},"5":{"start":{"line":73,"column":9},"end":{"line":75,"column":3}},"6":{"start":{"line":74,"column":4},"end":{"line":74,"column":23}},"7":{"start":{"line":77,"column":9},"end":{"line":79,"column":3}},"8":{"start":{"line":78,"column":4},"end":{"line":78,"column":36}},"9":{"start":{"line":81,"column":9},"end":{"line":84,"column":3}},"10":{"start":{"line":82,"column":21},"end":{"line":82,"column":32}},"11":{"start":{"line":83,"column":6},"end":{"line":83,"column":37}},"12":{"start":{"line":10,"column":25},"end":{"line":10,"column":34}},"13":{"start":{"line":11,"column":25},"end":{"line":11,"column":50}},"14":{"start":{"line":12,"column":25},"end":{"line":12,"column":138}},"15":{"start":{"line":13,"column":25},"end":{"line":13,"column":62}},"16":{"start":{"line":14,"column":25},"end":{"line":14,"column":60}},"17":{"start":{"line":15,"column":25},"end":{"line":15,"column":68}},"18":{"start":{"line":16,"column":25},"end":{"line":16,"column":39}},"19":{"start":{"line":17,"column":25},"end":{"line":17,"column":96}},"20":{"start":{"line":18,"column":25},"end":{"line":23,"column":4}},"21":{"start":{"line":55,"column":17},"end":{"line":67,"column":5}},"22":{"start":{"line":85,"column":0},"end":{"line":85,"column":1}},"23":{"start":{"line":4,"column":13},"end":{"line":4,"column":30}}},"fnMap":{"0":{"name":"(anonymous_0)","decl":{"start":{"line":4,"column":0},"end":{"line":null,"column":-1}},"loc":{"start":{"line":4,"column":0},"end":{"line":4,"column":-1}}},"1":{"name":"MockEventsService","decl":{"start":{"line":6,"column":2},"end":{"line":6,"column":13}},"loc":{"start":{"line":6,"column":40},"end":{"line":8,"column":3}}},"2":{"name":"(anonymous_2)","decl":{"start":{"line":69,"column":2},"end":{"line":null,"column":-1}},"loc":{"start":{"line":69,"column":2},"end":{"line":71,"column":3}}},"3":{"name":"(anonymous_3)","decl":{"start":{"line":73,"column":2},"end":{"line":null,"column":-1}},"loc":{"start":{"line":73,"column":2},"end":{"line":75,"column":3}}},"4":{"name":"(anonymous_4)","decl":{"start":{"line":77,"column":2},"end":{"line":77,"column":24}},"loc":{"start":{"line":77,"column":38},"end":{"line":79,"column":3}}},"5":{"name":"(anonymous_5)","decl":{"start":{"line":81,"column":2},"end":{"line":null,"column":-1}},"loc":{"start":{"line":81,"column":2},"end":{"line":84,"column":3}}}},"branchMap":{"0":{"loc":{"start":{"line":7,"column":29},"end":{"line":7,"column":35}},"type":"cond-expr","locations":[{"start":{"line":7,"column":29},"end":{"line":7,"column":35}},{"start":{"line":7,"column":38},"end":{"line":7,"column":49}}]}},"s":{"0":2,"1":4,"2":4,"3":2,"4":1,"5":2,"6":0,"7":2,"8":3,"9":2,"10":2,"11":2,"12":2,"13":2,"14":2,"15":2,"16":2,"17":2,"18":2,"19":2,"20":2,"21":2,"22":2,"23":2},"f":{"0":2,"1":4,"2":1,"3":0,"4":3,"5":2},"b":{"0":[1,3]}}
,"C:\\Dev\\GitHub\\leberns\\sp-hello-events\\spfx-hello-events\\src\\webparts\\helloEvents\\components\\event\\Event.tsx": {"path":"C:\\Dev\\GitHub\\leberns\\sp-hello-events\\spfx-hello-events\\src\\webparts\\helloEvents\\components\\event\\Event.tsx","statementMap":{"0":{"start":{"line":1,"column":0},"end":{"line":1,"column":30}},"1":{"start":{"line":2,"column":0},"end":{"line":2,"column":33}},"2":{"start":{"line":3,"column":0},"end":{"line":3,"column":52}},"3":{"start":{"line":5,"column":0},"end":{"line":5,"column":40}},"4":{"start":{"line":14,"column":0},"end":{"line":14,"column":50}},"5":{"start":{"line":14,"column":35},"end":{"line":14,"column":76}},"6":{"start":{"line":19,"column":9},"end":{"line":44,"column":3}},"7":{"start":{"line":21,"column":4},"end":{"line":43,"column":6}},"8":{"start":{"line":45,"column":0},"end":{"line":45,"column":1}}},"fnMap":{"0":{"name":"(anonymous_8)","decl":{"start":{"line":14,"column":0},"end":{"line":null,"column":-1}},"loc":{"start":{"line":14,"column":0},"end":{"line":14,"column":-1}}},"1":{"name":"Event","decl":{"start":{"line":15,"column":2},"end":{"line":15,"column":13}},"loc":{"start":{"line":15,"column":32},"end":{"line":17,"column":3}}},"2":{"name":"(anonymous_10)","decl":{"start":{"line":19,"column":2},"end":{"line":null,"column":-1}},"loc":{"start":{"line":19,"column":2},"end":{"line":44,"column":3}}}},"branchMap":{"0":{"loc":{"start":{"line":16,"column":4},"end":{"line":16,"column":16}},"type":"binary-expr","locations":[{"start":{"line":16,"column":4},"end":{"line":16,"column":16}},{"start":{"line":16,"column":16},"end":{"line":null,"column":-1}}]}},"s":{"0":3,"1":3,"2":3,"3":3,"4":3,"5":3,"6":3,"7":20,"8":3},"f":{"0":3,"1":17,"2":20},"b":{"0":[17,17]}}
,"C:\\Dev\\GitHub\\leberns\\sp-hello-events\\spfx-hello-events\\src\\webparts\\helloEvents\\components\\eventsList\\EventsList.tsx": {"path":"C:\\Dev\\GitHub\\leberns\\sp-hello-events\\spfx-hello-events\\src\\webparts\\helloEvents\\components\\eventsList\\EventsList.tsx","statementMap":{"0":{"start":{"line":1,"column":0},"end":{"line":1,"column":30}},"1":{"start":{"line":3,"column":0},"end":{"line":3,"column":45}},"2":{"start":{"line":4,"column":0},"end":{"line":4,"column":34}},"3":{"start":{"line":13,"column":0},"end":{"line":13,"column":55}},"4":{"start":{"line":13,"column":40},"end":{"line":13,"column":91}},"5":{"start":{"line":15,"column":9},"end":{"line":23,"column":3}},"6":{"start":{"line":16,"column":4},"end":{"line":22,"column":6}},"7":{"start":{"line":19,"column":10},"end":{"line":19,"column":48}},"8":{"start":{"line":24,"column":0},"end":{"line":24,"column":1}}},"fnMap":{"0":{"name":"(anonymous_8)","decl":{"start":{"line":13,"column":0},"end":{"line":null,"column":-1}},"loc":{"start":{"line":13,"column":0},"end":{"line":13,"column":-1}}},"1":{"name":"(anonymous_10)","decl":{"start":{"line":15,"column":2},"end":{"line":null,"column":-1}},"loc":{"start":{"line":15,"column":2},"end":{"line":23,"column":3}}},"2":{"name":"(anonymous_11)","decl":{"start":{"line":18,"column":37},"end":{"line":18,"column":36}},"loc":{"start":{"line":18,"column":42},"end":{"line":19,"column":48}}}},"branchMap":{},"s":{"0":2,"1":2,"2":2,"3":2,"4":2,"5":2,"6":8,"7":16,"8":2},"f":{"0":7,"1":8,"2":16},"b":{}}
,"C:\\Dev\\GitHub\\leberns\\sp-hello-events\\spfx-hello-events\\src\\webparts\\helloEvents\\components\\eventsListContainer\\EventsListContainer.tsx": {"path":"C:\\Dev\\GitHub\\leberns\\sp-hello-events\\spfx-hello-events\\src\\webparts\\helloEvents\\components\\eventsListContainer\\EventsListContainer.tsx","statementMap":{"0":{"start":{"line":1,"column":0},"end":{"line":1,"column":30}},"1":{"start":{"line":4,"column":0},"end":{"line":4,"column":54}},"2":{"start":{"line":5,"column":0},"end":{"line":5,"column":49}},"3":{"start":{"line":16,"column":0},"end":{"line":16,"column":64}},"4":{"start":{"line":16,"column":49},"end":{"line":16,"column":116}},"5":{"start":{"line":19,"column":4},"end":{"line":19,"column":16}},"6":{"start":{"line":20,"column":4},"end":{"line":23,"column":6}},"7":{"start":{"line":26,"column":9},"end":{"line":51,"column":3}},"8":{"start":{"line":28,"column":23},"end":{"line":28,"column":25}},"9":{"start":{"line":29,"column":16},"end":{"line":29,"column":18}},"10":{"start":{"line":30,"column":4},"end":{"line":33,"column":5}},"11":{"start":{"line":31,"column":6},"end":{"line":31,"column":80}},"12":{"start":{"line":32,"column":6},"end":{"line":32,"column":69}},"13":{"start":{"line":35,"column":4},"end":{"line":50,"column":6}},"14":{"start":{"line":53,"column":15},"end":{"line":55,"column":3}},"15":{"start":{"line":54,"column":4},"end":{"line":54,"column":23}},"16":{"start":{"line":57,"column":16},"end":{"line":68,"column":3}},"17":{"start":{"line":59,"column":12},"end":{"line":59,"column":53}},"18":{"start":{"line":60,"column":25},"end":{"line":60,"column":58}},"19":{"start":{"line":60,"column":12},"end":{"line":60,"column":58}},"20":{"start":{"line":61,"column":6},"end":{"line":61,"column":44}},"21":{"start":{"line":64,"column":6},"end":{"line":66,"column":9}},"22":{"start":{"line":70,"column":16},"end":{"line":74,"column":3}},"23":{"start":{"line":71,"column":4},"end":{"line":73,"column":6}},"24":{"start":{"line":75,"column":0},"end":{"line":75,"column":1}}},"fnMap":{"0":{"name":"(anonymous_20)","decl":{"start":{"line":16,"column":0},"end":{"line":null,"column":-1}},"loc":{"start":{"line":16,"column":0},"end":{"line":16,"column":-1}}},"1":{"name":"EventsListContainer","decl":{"start":{"line":18,"column":2},"end":{"line":18,"column":13}},"loc":{"start":{"line":18,"column":45},"end":{"line":24,"column":3}}},"2":{"name":"(anonymous_22)","decl":{"start":{"line":26,"column":2},"end":{"line":null,"column":-1}},"loc":{"start":{"line":26,"column":2},"end":{"line":51,"column":3}}},"3":{"name":"(anonymous_23)","decl":{"start":{"line":53,"column":2},"end":{"line":null,"column":-1}},"loc":{"start":{"line":53,"column":2},"end":{"line":55,"column":3}}},"4":{"name":"(anonymous_26)","decl":{"start":{"line":57,"column":2},"end":{"line":null,"column":-1}},"loc":{"start":{"line":57,"column":2},"end":{"line":68,"column":3}}},"5":{"name":"(anonymous_29)","decl":{"start":{"line":70,"column":2},"end":{"line":70,"column":40}},"loc":{"start":{"line":70,"column":51},"end":{"line":74,"column":3}}}},"branchMap":{"0":{"loc":{"start":{"line":19,"column":4},"end":{"line":19,"column":16}},"type":"binary-expr","locations":[{"start":{"line":19,"column":4},"end":{"line":19,"column":16}},{"start":{"line":19,"column":16},"end":{"line":24,"column":2}}]},"1":{"loc":{"start":{"line":30,"column":4},"end":{"line":33,"column":5}},"type":"if","locations":[{"start":{"line":30,"column":4},"end":{"line":33,"column":5}},{"start":{"line":30,"column":4},"end":{"line":33,"column":5}}]},"2":{"loc":{"start":{"line":31,"column":50},"end":{"line":31,"column":74}},"type":"cond-expr","locations":[{"start":{"line":31,"column":50},"end":{"line":31,"column":74}},{"start":{"line":31,"column":77},"end":{"line":31,"column":79}}]},"3":{"loc":{"start":{"line":32,"column":41},"end":{"line":32,"column":63}},"type":"cond-expr","locations":[{"start":{"line":32,"column":41},"end":{"line":32,"column":63}},{"start":{"line":32,"column":66},"end":{"line":32,"column":68}}]},"4":{"loc":{"start":{"line":37,"column":8},"end":{"line":46,"column":14}},"type":"cond-expr","locations":[{"start":{"line":37,"column":8},"end":{"line":46,"column":14}},{"start":{"line":48,"column":8},"end":{"line":48,"column":49}}]}},"s":{"0":1,"1":1,"2":1,"3":1,"4":1,"5":2,"6":2,"7":1,"8":7,"9":7,"10":7,"11":2,"12":2,"13":7,"14":1,"15":4,"16":1,"17":4,"18":4,"19":4,"20":4,"21":0,"22":1,"23":1,"24":1},"f":{"0":1,"1":2,"2":7,"3":4,"4":4,"5":1},"b":{"0":[2,2],"1":[2,5],"2":[2,0],"3":[2,0],"4":[2,5]}}
}
