TN:
SF:C:\Dev\GitHub\leberns\sp-hello-events\spfx-hello-events\src\services\ServicesFactory.ts
FN:8,(anonymous_0)
FN:10,(anonymous_2)
FNF:2
FNH:2
FNDA:6,(anonymous_0)
FNDA:3,(anonymous_2)
DA:1,3
DA:2,3
DA:4,3
DA:8,3
DA:10,3
DA:11,3
DA:12,3
DA:14,3
DA:15,3
DA:17,3
LF:10
LH:10
BRDA:11,0,0,0
BRDA:11,0,1,3
BRDA:12,1,0,0
BRDA:12,1,1,3
BRF:4
BRH:2
end_of_record
TN:
SF:C:\Dev\GitHub\leberns\sp-hello-events\spfx-hello-events\src\services\basic\EventsListService.ts
FN:5,(anonymous_12)
FN:9,(anonymous_14)
FNF:2
FNH:2
FNDA:5,(anonymous_12)
FNDA:1,(anonymous_14)
DA:1,4
DA:5,4
DA:7,1
DA:9,4
DA:10,1
DA:11,1
DA:12,1
DA:14,4
LF:8
LH:8
BRF:0
BRH:0
end_of_record
TN:
SF:C:\Dev\GitHub\leberns\sp-hello-events\spfx-hello-events\src\services\basic\ImagesLibService.ts
FN:6,(anonymous_12)
FN:10,(anonymous_14)
FN:18,(anonymous_17)
FNF:3
FNH:3
FNDA:6,(anonymous_12)
FNDA:1,(anonymous_14)
FNDA:2,(anonymous_17)
DA:1,4
DA:6,4
DA:8,2
DA:10,4
DA:11,1
DA:12,2
DA:13,2
DA:14,2
DA:18,4
DA:19,2
DA:20,2
DA:22,4
LF:12
LH:12
BRF:0
BRH:0
end_of_record
TN:
SF:C:\Dev\GitHub\leberns\sp-hello-events\spfx-hello-events\src\services\basic\MockEventsListService.ts
FN:4,(anonymous_12)
FN:6,MockEventsListService
FN:86,(anonymous_14)
FN:90,(anonymous_15)
FN:94,(anonymous_16)
FNF:5
FNH:5
FNDA:4,(anonymous_12)
FNDA:5,MockEventsListService
FNDA:1,(anonymous_14)
FNDA:1,(anonymous_15)
FNDA:4,(anonymous_16)
DA:4,4
DA:7,5
DA:10,4
DA:11,4
DA:12,4
DA:13,4
DA:14,4
DA:15,4
DA:16,4
DA:17,4
DA:26,5
DA:73,5
DA:86,4
DA:87,1
DA:90,4
DA:91,1
DA:94,4
DA:95,4
DA:96,4
DA:98,4
LF:20
LH:20
BRDA:7,0,0,1
BRDA:7,0,1,4
BRF:2
BRH:2
end_of_record
TN:
SF:C:\Dev\GitHub\leberns\sp-hello-events\spfx-hello-events\src\services\basic\MockImagesLibService.ts
FN:4,(anonymous_12)
FN:8,(anonymous_14)
FNF:2
FNH:2
FNDA:6,(anonymous_12)
FNDA:4,(anonymous_14)
DA:4,3
DA:6,3
DA:8,3
DA:9,6
DA:10,6
DA:13,3
LF:6
LH:6
BRF:0
BRH:0
end_of_record
TN:
SF:C:\Dev\GitHub\leberns\sp-hello-events\spfx-hello-events\src\services\events\EventsService.ts
FN:8,(anonymous_12)
FN:10,EventsService
FN:12,(anonymous_14)
FN:15,(anonymous_17)
FN:70,(anonymous_18)
FN:77,(anonymous_22)
FN:96,(anonymous_24)
FNF:7
FNH:7
FNDA:3,(anonymous_12)
FNDA:3,EventsService
FNDA:4,(anonymous_14)
FNDA:10,(anonymous_17)
FNDA:4,(anonymous_18)
FNDA:9,(anonymous_22)
FNDA:18,(anonymous_24)
DA:8,3
DA:10,3
DA:12,3
DA:14,4
DA:15,4
DA:17,10
DA:19,10
DA:21,10
DA:23,10
DA:31,10
DA:33,10
DA:34,10
DA:46,10
DA:58,10
DA:61,4
DA:65,4
DA:67,4
DA:70,3
DA:71,4
DA:72,10
DA:73,10
DA:77,9
DA:78,9
DA:82,6
DA:86,6
DA:89,4
DA:91,10
DA:92,10
DA:96,18
DA:97,9
DA:101,9
DA:104,3
LF:32
LH:32
BRDA:17,0,0,9
BRDA:17,0,1,1
BRDA:19,1,0,9
BRDA:19,1,1,1
BRDA:21,2,0,9
BRDA:21,2,1,1
BRDA:23,3,0,9
BRDA:23,3,1,1
BRDA:31,4,0,9
BRDA:31,4,1,1
BRDA:34,5,0,9
BRDA:34,5,1,1
BRDA:73,6,0,1
BRDA:73,6,1,9
BRDA:78,7,0,3
BRDA:78,7,1,6
BRDA:92,8,0,1
BRDA:92,8,1,9
BRDA:97,9,0,0
BRDA:97,9,1,9
BRF:20
BRH:19
end_of_record
TN:
SF:C:\Dev\GitHub\leberns\sp-hello-events\spfx-hello-events\src\services\events\MockEventsService.ts
FN:5,(anonymous_0)
FN:7,MockEventsService
FN:66,(anonymous_2)
FN:70,(anonymous_3)
FN:74,(anonymous_4)
FN:78,(anonymous_5)
FNF:6
FNH:5
FNDA:2,(anonymous_0)
FNDA:4,MockEventsService
FNDA:1,(anonymous_2)
FNDA:0,(anonymous_3)
FNDA:3,(anonymous_4)
FNDA:2,(anonymous_5)
DA:3,2
DA:5,2
DA:8,4
DA:11,2
DA:12,2
DA:19,4
DA:52,2
DA:66,2
DA:67,1
DA:70,2
DA:71,0
DA:74,2
DA:75,3
DA:78,2
DA:79,2
DA:80,2
DA:82,2
LF:17
LH:16
BRDA:8,0,0,1
BRDA:8,0,1,3
BRF:2
BRH:2
end_of_record
TN:
SF:C:\Dev\GitHub\leberns\sp-hello-events\spfx-hello-events\src\webparts\helloEvents\components\event\Event.tsx
FN:14,(anonymous_8)
FN:15,Event
FN:19,(anonymous_10)
FNF:3
FNH:3
FNDA:3,(anonymous_8)
FNDA:17,Event
FNDA:20,(anonymous_10)
DA:1,3
DA:2,3
DA:3,3
DA:5,3
DA:14,3
DA:19,3
DA:21,20
DA:45,3
LF:8
LH:8
BRDA:16,0,0,17
BRDA:16,0,1,17
BRF:2
BRH:2
end_of_record
TN:
SF:C:\Dev\GitHub\leberns\sp-hello-events\spfx-hello-events\src\webparts\helloEvents\components\eventsList\EventsList.tsx
FN:13,(anonymous_8)
FN:15,(anonymous_10)
FN:18,(anonymous_11)
FNF:3
FNH:3
FNDA:7,(anonymous_8)
FNDA:8,(anonymous_10)
FNDA:16,(anonymous_11)
DA:1,2
DA:3,2
DA:4,2
DA:13,2
DA:15,2
DA:16,8
DA:19,16
DA:24,2
LF:8
LH:8
BRF:0
BRH:0
end_of_record
TN:
SF:C:\Dev\GitHub\leberns\sp-hello-events\spfx-hello-events\src\webparts\helloEvents\components\eventsListContainer\EventsListContainer.tsx
FN:16,(anonymous_20)
FN:18,EventsListContainer
FN:26,(anonymous_22)
FN:53,(anonymous_23)
FN:57,(anonymous_26)
FN:70,(anonymous_29)
FNF:6
FNH:6
FNDA:1,(anonymous_20)
FNDA:2,EventsListContainer
FNDA:7,(anonymous_22)
FNDA:4,(anonymous_23)
FNDA:4,(anonymous_26)
FNDA:1,(anonymous_29)
DA:1,1
DA:4,1
DA:5,1
DA:16,1
DA:19,2
DA:20,2
DA:26,1
DA:28,7
DA:29,7
DA:30,7
DA:31,2
DA:32,2
DA:35,7
DA:53,1
DA:54,4
DA:57,1
DA:59,4
DA:60,4
DA:61,4
DA:64,0
DA:70,1
DA:71,1
DA:75,1
LF:23
LH:22
BRDA:19,0,0,2
BRDA:19,0,1,2
BRDA:30,1,0,2
BRDA:30,1,1,5
BRDA:31,2,0,2
BRDA:31,2,1,0
BRDA:32,3,0,2
BRDA:32,3,1,0
BRDA:37,4,0,2
BRDA:37,4,1,5
BRF:10
BRH:8
end_of_record
