TN:
SF:C:\Dev\GitHub\leberns\sp-hello-events\spfx-hello-events\src\services\MockEventsService.ts
FN:4,(anonymous_0)
FN:51,(anonymous_2)
FN:55,(anonymous_3)
FN:59,(anonymous_4)
FNF:4
FNH:3
FNDA:2,(anonymous_0)
FNDA:1,(anonymous_2)
FNDA:2,(anonymous_3)
FNDA:0,(anonymous_4)
DA:4,2
DA:6,2
DA:7,2
DA:8,2
DA:9,2
DA:10,2
DA:11,2
DA:12,2
DA:13,2
DA:14,2
DA:21,2
DA:51,2
DA:52,1
DA:55,2
DA:56,2
DA:59,2
DA:60,0
DA:61,0
DA:63,2
LF:19
LH:17
BRF:0
BRH:0
end_of_record
TN:
SF:C:\Dev\GitHub\leberns\sp-hello-events\spfx-hello-events\src\webparts\helloEvents\components\event\Event.tsx
FN:13,(anonymous_7)
FN:14,Event
FN:18,(anonymous_9)
FNF:3
FNH:3
FNDA:2,(anonymous_7)
FNDA:3,Event
FNDA:3,(anonymous_9)
DA:1,2
DA:2,2
DA:4,2
DA:13,2
DA:18,2
DA:19,3
DA:43,2
LF:7
LH:7
BRDA:15,0,0,3
BRDA:15,0,1,3
BRF:2
BRH:2
end_of_record
TN:
SF:C:\Dev\GitHub\leberns\sp-hello-events\spfx-hello-events\src\webparts\helloEvents\components\eventsList\EventsList.tsx
FN:13,(anonymous_7)
FN:15,(anonymous_9)
FN:18,(anonymous_10)
FNF:3
FNH:3
FNDA:2,(anonymous_7)
FNDA:1,(anonymous_9)
FNDA:1,(anonymous_10)
DA:1,1
DA:3,1
DA:4,1
DA:13,1
DA:15,1
DA:16,1
DA:19,1
DA:24,1
LF:8
LH:8
BRF:0
BRH:0
end_of_record
